<?xml version="1.0" encoding="UTF-8"?>
<testng-results skipped="0" failed="0" ignored="0" total="1" passed="1">
  <reporter-output>
  </reporter-output>
  <suite name="Login Test" duration-ms="24267" started-at="2020-08-11T15:19:53Z" finished-at="2020-08-11T15:20:17Z">
    <groups>
    </groups>
    <test name="Test" duration-ms="24267" started-at="2020-08-11T15:19:53Z" finished-at="2020-08-11T15:20:17Z">
      <class name="com.computech.testcases.LogoutTest">
        <test-method status="PASS" signature="setUp()[pri:0, instance:com.computech.testcases.LogoutTest@7d9d1a19]" name="setUp" is-config="true" duration-ms="7012" started-at="2020-08-11T15:19:53Z" finished-at="2020-08-11T15:20:00Z">
          <reporter-output>
          </reporter-output>
        </test-method> <!-- setUp -->
        <test-method status="PASS" signature="login()[pri:0, instance:com.computech.testcases.LogoutTest@7d9d1a19]" name="login" duration-ms="13481" started-at="2020-08-11T15:20:00Z" finished-at="2020-08-11T15:20:13Z">
          <reporter-output>
          </reporter-output>
        </test-method> <!-- login -->
        <test-method status="PASS" signature="tearDown()[pri:0, instance:com.computech.testcases.LogoutTest@7d9d1a19]" name="tearDown" is-config="true" duration-ms="3752" started-at="2020-08-11T15:20:13Z" finished-at="2020-08-11T15:20:17Z">
          <reporter-output>
          </reporter-output>
        </test-method> <!-- tearDown -->
      </class> <!-- com.computech.testcases.LogoutTest -->
    </test> <!-- Test -->
  </suite> <!-- Login Test -->
</testng-results>
